<?xml version="1.0" encoding="UTF-8"?>
<!-- Generated by org.testng.reporters.JUnitReportReporter -->
<testsuite hostname="admin-PC" name="com.automation.MultipleWindow_Handle" tests="1" failures="0" timestamp="30 Jul 2018 18:47:33 GMT" time="11.867" errors="0">
  <testcase name="TestPopUp" time="11.867" classname="com.automation.MultipleWindow_Handle"/>
</testsuite> <!-- com.automation.MultipleWindow_Handle -->
